<?xml version="1.0" encoding="UTF-8"?>
<!-- Generated by org.testng.reporters.JUnitXMLReporter -->
<testsuite ignored="0" hostname="DESKTOP-UB6TGO0" failures="0" tests="1" name="Test with Chrome" time="9.62" errors="0" timestamp="2023-04-09T19:20:48 PDT">
  <testcase classname="basepackage.BaseTestSuite" name="@AfterClass afterClassBase" time="3.594">
    <failure type="org.openqa.selenium.NoSuchSessionException" message="Tried to run command without establishing a connection
Build info: version: &amp;apos;4.6.0&amp;apos;, revision: &amp;apos;79f1c02ae20&amp;apos;
System info: os.name: &amp;apos;Windows 11&amp;apos;, os.arch: &amp;apos;amd64&amp;apos;, os.version: &amp;apos;10.0&amp;apos;, java.version: &amp;apos;18.0.2&amp;apos;
Driver info: org.openqa.selenium.remote.RemoteWebDriver
Command: [270a8b33-12f7-45fd-877e-f8d8f12d985e, quit {}]
Capabilities {acceptInsecureCerts: true, browserName: firefox, browserVersion: 102, moz:accessibilityChecks: false, moz:buildID: 20220922073614, moz:debuggerAddress: localhost:18606, moz:firefoxOptions: {}, moz:geckodriverVersion: 0.31.0, moz:headless: false, moz:processID: 17382, moz:profile: /tmp/rust_mozprofileiNW6Nq, moz:shutdownTimeout: 60000, moz:useNonSpecCompliantPointerOrigin: false, moz:webdriverClick: true, moz:windowless: false, pageLoadStrategy: normal, platformName: LINUX, platformVersion: 5.14.0-162.6.1.el9_1.x86_64, proxy: Proxy(), se:bidi: ws://192.168.0.6:4444/sessi..., se:cdp: ws://192.168.0.6:4444/sessi..., se:cdpVersion: 85.0, setWindowRect: true, strictFileInteractability: false, timeouts: {implicit: 0, pageLoad: 300000, script: 30000}, unhandledPromptBehavior: dismiss and notify}">
      <![CDATA[org.openqa.selenium.NoSuchSessionException: Tried to run command without establishing a connection
Build info: version: '4.6.0', revision: '79f1c02ae20'
System info: os.name: 'Windows 11', os.arch: 'amd64', os.version: '10.0', java.version: '18.0.2'
Driver info: org.openqa.selenium.remote.RemoteWebDriver
Command: [270a8b33-12f7-45fd-877e-f8d8f12d985e, quit {}]
Capabilities {acceptInsecureCerts: true, browserName: firefox, browserVersion: 102, moz:accessibilityChecks: false, moz:buildID: 20220922073614, moz:debuggerAddress: localhost:18606, moz:firefoxOptions: {}, moz:geckodriverVersion: 0.31.0, moz:headless: false, moz:processID: 17382, moz:profile: /tmp/rust_mozprofileiNW6Nq, moz:shutdownTimeout: 60000, moz:useNonSpecCompliantPointerOrigin: false, moz:webdriverClick: true, moz:windowless: false, pageLoadStrategy: normal, platformName: LINUX, platformVersion: 5.14.0-162.6.1.el9_1.x86_64, proxy: Proxy(), se:bidi: ws://192.168.0.6:4444/sessi..., se:cdp: ws://192.168.0.6:4444/sessi..., se:cdpVersion: 85.0, setWindowRect: true, strictFileInteractability: false, timeouts: {implicit: 0, pageLoad: 300000, script: 30000}, unhandledPromptBehavior: dismiss and notify}
at org.openqa.selenium.remote.codec.w3c.W3CHttpResponseCodec.createException(W3CHttpResponseCodec.java:200)
at org.openqa.selenium.remote.codec.w3c.W3CHttpResponseCodec.decode(W3CHttpResponseCodec.java:133)
at org.openqa.selenium.remote.codec.w3c.W3CHttpResponseCodec.decode(W3CHttpResponseCodec.java:53)
at org.openqa.selenium.remote.HttpCommandExecutor.execute(HttpCommandExecutor.java:184)
at org.openqa.selenium.remote.TracedCommandExecutor.execute(TracedCommandExecutor.java:51)
at org.openqa.selenium.remote.RemoteWebDriver.execute(RemoteWebDriver.java:541)
at org.openqa.selenium.remote.RemoteWebDriver.execute(RemoteWebDriver.java:596)
at org.openqa.selenium.remote.RemoteWebDriver.execute(RemoteWebDriver.java:600)
at org.openqa.selenium.remote.RemoteWebDriver.quit(RemoteWebDriver.java:443)
at basepackage.BaseTestSuite.afterClassBase(BaseTestSuite.java:81)
at java.base/java.util.ArrayList.forEach(ArrayList.java:1511)
at java.base/java.util.concurrent.FutureTask.run(FutureTask.java:264)
at java.base/java.util.concurrent.ThreadPoolExecutor.runWorker(ThreadPoolExecutor.java:1136)
at java.base/java.util.concurrent.ThreadPoolExecutor$Worker.run(ThreadPoolExecutor.java:635)
at java.base/java.lang.Thread.run(Thread.java:833)
... Removed 16 stack frames]]>
    </failure>
  </testcase> <!-- @AfterClass afterClassBase -->
  <testcase classname="facebook.LoginTest_SeleniumGrid_Parallel" name="TestLogin" time="2.364"/>
</testsuite> <!-- Test with Chrome -->
